<?xml version="1.0" encoding="UTF-8"?>
<testsuite name="com.tikkeul.app.mapper.SavingLevelMapperTests" tests="2" skipped="0" failures="0" errors="0" timestamp="2023-05-29T15:48:49" hostname="hiui-MacBookPro.local" time="0.049">
  <properties/>
  <testcase name="savingLevelAll()" classname="com.tikkeul.app.mapper.SavingLevelMapperTests" time="0.016"/>
  <testcase name="selectSavingLevelAllTest()" classname="com.tikkeul.app.mapper.SavingLevelMapperTests" time="0.032"/>
  <system-out><![CDATA[2023-05-30 00:48:49.869  INFO 9330 --- [    Test worker] .b.t.c.SpringBootTestContextBootstrapper : Neither @ContextConfiguration nor @ContextHierarchy found for test class [com.tikkeul.app.mapper.SavingLevelMapperTests], using SpringBootContextLoader
2023-05-30 00:48:49.871  INFO 9330 --- [    Test worker] o.s.t.c.support.AbstractContextLoader    : Could not detect default resource locations for test class [com.tikkeul.app.mapper.SavingLevelMapperTests]: no resource found for suffixes {-context.xml, Context.groovy}.
2023-05-30 00:48:49.872  INFO 9330 --- [    Test worker] t.c.s.AnnotationConfigContextLoaderUtils : Could not detect default configuration classes for test class [com.tikkeul.app.mapper.SavingLevelMapperTests]: SavingLevelMapperTests does not declare any static, non-private, non-final, nested classes annotated with @Configuration.
2023-05-30 00:48:49.876  INFO 9330 --- [    Test worker] .b.t.c.SpringBootTestContextBootstrapper : Found @SpringBootConfiguration com.tikkeul.app.TikkeulApplication for test class com.tikkeul.app.mapper.SavingLevelMapperTests
2023-05-30 00:48:49.879  INFO 9330 --- [    Test worker] .b.t.c.SpringBootTestContextBootstrapper : Loaded default TestExecutionListener class names from location [META-INF/spring.factories]: [org.springframework.boot.test.autoconfigure.restdocs.RestDocsTestExecutionListener, org.springframework.boot.test.autoconfigure.web.client.MockRestServiceServerResetTestExecutionListener, org.springframework.boot.test.autoconfigure.web.servlet.MockMvcPrintOnlyOnFailureTestExecutionListener, org.springframework.boot.test.autoconfigure.web.servlet.WebDriverTestExecutionListener, org.springframework.boot.test.autoconfigure.webservices.client.MockWebServiceServerTestExecutionListener, org.springframework.boot.test.mock.mockito.MockitoTestExecutionListener, org.springframework.boot.test.mock.mockito.ResetMocksTestExecutionListener, org.springframework.test.context.web.ServletTestExecutionListener, org.springframework.test.context.support.DirtiesContextBeforeModesTestExecutionListener, org.springframework.test.context.event.ApplicationEventsTestExecutionListener, org.springframework.test.context.support.DependencyInjectionTestExecutionListener, org.springframework.test.context.support.DirtiesContextTestExecutionListener, org.springframework.test.context.transaction.TransactionalTestExecutionListener, org.springframework.test.context.jdbc.SqlScriptsTestExecutionListener, org.springframework.test.context.event.EventPublishingTestExecutionListener]
2023-05-30 00:48:49.880  INFO 9330 --- [    Test worker] .b.t.c.SpringBootTestContextBootstrapper : Using TestExecutionListeners: [org.springframework.test.context.web.ServletTestExecutionListener@792eeae6, org.springframework.test.context.support.DirtiesContextBeforeModesTestExecutionListener@66e62fc4, org.springframework.test.context.event.ApplicationEventsTestExecutionListener@7e28f150, org.springframework.boot.test.mock.mockito.MockitoTestExecutionListener@23aaa756, org.springframework.boot.test.autoconfigure.SpringBootDependencyInjectionTestExecutionListener@2d5d001f, org.springframework.test.context.support.DirtiesContextTestExecutionListener@7a92827f, org.springframework.test.context.transaction.TransactionalTestExecutionListener@43094e0c, org.springframework.test.context.jdbc.SqlScriptsTestExecutionListener@35efd12c, org.springframework.test.context.event.EventPublishingTestExecutionListener@70f76276, org.springframework.boot.test.autoconfigure.restdocs.RestDocsTestExecutionListener@1e18876d, org.springframework.boot.test.autoconfigure.web.client.MockRestServiceServerResetTestExecutionListener@17e8c38c, org.springframework.boot.test.autoconfigure.web.servlet.MockMvcPrintOnlyOnFailureTestExecutionListener@5c4516ec, org.springframework.boot.test.autoconfigure.web.servlet.WebDriverTestExecutionListener@17ea3bc0, org.springframework.boot.test.autoconfigure.webservices.client.MockWebServiceServerTestExecutionListener@4d93e5bf, org.springframework.boot.test.mock.mockito.ResetMocksTestExecutionListener@1c36ab22]
2023-05-30 00:48:49.893  INFO 9330 --- [    Test worker] c.t.app.mapper.SavingLevelMapperTests    : [SavingLevelFileDTO(id=11, savinglevelId=1, savinglevelName=씨앗, goalMoney=150000, dailyMoney=5000, content=씨앗단계입니다. 씨앗단계는 누구나 쉽게 도전할 수 있는 단계입니다., fileSize=12, originName=씨앗.png, uuid=f37a4102-dbf4-4432-8170-acff6e357dbf, filePath=2023/05/28, fileType=REPRESENTATIVE), SavingLevelFileDTO(id=12, savinglevelId=2, savinglevelName=새싹, goalMoney=300000, dailyMoney=10000, content=새싹단계입니다. 새싹단계는 조금 더 모으고자 싶은 사람들의 레벨입니다., fileSize=12, originName=새싹.png, uuid=f13379f8-2c93-411b-b33d-6f21e876911d, filePath=2023/05/28, fileType=REPRESENTATIVE), SavingLevelFileDTO(id=13, savinglevelId=3, savinglevelName=나무, goalMoney=900000, dailyMoney=30000, content=나무단계입니다. 나무단계는 여유가 있는 이들의 단계입니다., fileSize=12, originName=나무.png, uuid=a78fbd96-fad9-4283-8b48-6aba4384c98b, filePath=2023/05/28, fileType=REPRESENTATIVE)]
2023-05-30 00:48:49.926  INFO 9330 --- [    Test worker] c.t.app.mapper.SavingLevelMapperTests    : [SavingLevelVO(id=0, name=기본, goalMoney=0, dailyMoney=0, content=null), SavingLevelVO(id=1, name=씨앗, goalMoney=150000, dailyMoney=5000, content=null), SavingLevelVO(id=2, name=새싹, goalMoney=300000, dailyMoney=10000, content=null), SavingLevelVO(id=3, name=나무, goalMoney=900000, dailyMoney=30000, content=null)]
]]></system-out>
  <system-err><![CDATA[]]></system-err>
</testsuite>
