<?xml version="1.0" encoding="UTF-8"?>
<testsuite name="com.tikkeul.app.dao.AdminDaoTests" tests="5" skipped="0" failures="0" errors="0" timestamp="2023-05-29T15:48:49" hostname="hiui-MacBookPro.local" time="0.077">
  <properties/>
  <testcase name="adminFindItemAllTest()" classname="com.tikkeul.app.dao.AdminDaoTests" time="0.014"/>
  <testcase name="adminFindDoranBoardAllTest()" classname="com.tikkeul.app.dao.AdminDaoTests" time="0.012"/>
  <testcase name="adminDeleteInquiryTest()" classname="com.tikkeul.app.dao.AdminDaoTests" time="0.032"/>
  <testcase name="adminFindInquiryBoardTest()" classname="com.tikkeul.app.dao.AdminDaoTests" time="0.004"/>
  <testcase name="adminDeleteUserTest()" classname="com.tikkeul.app.dao.AdminDaoTests" time="0.004"/>
  <system-out><![CDATA[2023-05-30 00:48:49.304  INFO 9330 --- [    Test worker] .b.t.c.SpringBootTestContextBootstrapper : Neither @ContextConfiguration nor @ContextHierarchy found for test class [com.tikkeul.app.dao.AdminDaoTests], using SpringBootContextLoader
2023-05-30 00:48:49.305  INFO 9330 --- [    Test worker] o.s.t.c.support.AbstractContextLoader    : Could not detect default resource locations for test class [com.tikkeul.app.dao.AdminDaoTests]: no resource found for suffixes {-context.xml, Context.groovy}.
2023-05-30 00:48:49.305  INFO 9330 --- [    Test worker] t.c.s.AnnotationConfigContextLoaderUtils : Could not detect default configuration classes for test class [com.tikkeul.app.dao.AdminDaoTests]: AdminDaoTests does not declare any static, non-private, non-final, nested classes annotated with @Configuration.
2023-05-30 00:48:49.319  INFO 9330 --- [    Test worker] .b.t.c.SpringBootTestContextBootstrapper : Found @SpringBootConfiguration com.tikkeul.app.TikkeulApplication for test class com.tikkeul.app.dao.AdminDaoTests
2023-05-30 00:48:49.321  INFO 9330 --- [    Test worker] .b.t.c.SpringBootTestContextBootstrapper : Loaded default TestExecutionListener class names from location [META-INF/spring.factories]: [org.springframework.boot.test.autoconfigure.restdocs.RestDocsTestExecutionListener, org.springframework.boot.test.autoconfigure.web.client.MockRestServiceServerResetTestExecutionListener, org.springframework.boot.test.autoconfigure.web.servlet.MockMvcPrintOnlyOnFailureTestExecutionListener, org.springframework.boot.test.autoconfigure.web.servlet.WebDriverTestExecutionListener, org.springframework.boot.test.autoconfigure.webservices.client.MockWebServiceServerTestExecutionListener, org.springframework.boot.test.mock.mockito.MockitoTestExecutionListener, org.springframework.boot.test.mock.mockito.ResetMocksTestExecutionListener, org.springframework.test.context.web.ServletTestExecutionListener, org.springframework.test.context.support.DirtiesContextBeforeModesTestExecutionListener, org.springframework.test.context.event.ApplicationEventsTestExecutionListener, org.springframework.test.context.support.DependencyInjectionTestExecutionListener, org.springframework.test.context.support.DirtiesContextTestExecutionListener, org.springframework.test.context.transaction.TransactionalTestExecutionListener, org.springframework.test.context.jdbc.SqlScriptsTestExecutionListener, org.springframework.test.context.event.EventPublishingTestExecutionListener]
2023-05-30 00:48:49.322  INFO 9330 --- [    Test worker] .b.t.c.SpringBootTestContextBootstrapper : Using TestExecutionListeners: [org.springframework.test.context.web.ServletTestExecutionListener@53d2b827, org.springframework.test.context.support.DirtiesContextBeforeModesTestExecutionListener@4769537a, org.springframework.test.context.event.ApplicationEventsTestExecutionListener@4504a4ed, org.springframework.boot.test.mock.mockito.MockitoTestExecutionListener@7ee3a2ed, org.springframework.boot.test.autoconfigure.SpringBootDependencyInjectionTestExecutionListener@38363e96, org.springframework.test.context.support.DirtiesContextTestExecutionListener@35c95869, org.springframework.test.context.transaction.TransactionalTestExecutionListener@558aa1f1, org.springframework.test.context.jdbc.SqlScriptsTestExecutionListener@361d8567, org.springframework.test.context.event.EventPublishingTestExecutionListener@3fd6dfbc, org.springframework.boot.test.autoconfigure.restdocs.RestDocsTestExecutionListener@4023d23f, org.springframework.boot.test.autoconfigure.web.client.MockRestServiceServerResetTestExecutionListener@402676e3, org.springframework.boot.test.autoconfigure.web.servlet.MockMvcPrintOnlyOnFailureTestExecutionListener@1a4ae53d, org.springframework.boot.test.autoconfigure.web.servlet.WebDriverTestExecutionListener@1368e2f7, org.springframework.boot.test.autoconfigure.webservices.client.MockWebServiceServerTestExecutionListener@4d84688f, org.springframework.boot.test.mock.mockito.ResetMocksTestExecutionListener@3ee68eb2]
]]></system-out>
  <system-err><![CDATA[]]></system-err>
</testsuite>
