<?xml version="1.0" encoding="UTF-8"?>
<testsuite name="com.tikkeul.app.dao.SavingLevelDaoTests" tests="1" skipped="0" failures="0" errors="0" timestamp="2023-05-29T15:48:49" hostname="hiui-MacBookPro.local" time="0.079">
  <properties/>
  <testcase name="savingLevelAllTest()" classname="com.tikkeul.app.dao.SavingLevelDaoTests" time="0.079"/>
  <system-out><![CDATA[2023-05-30 00:48:49.414  INFO 9330 --- [    Test worker] .b.t.c.SpringBootTestContextBootstrapper : Neither @ContextConfiguration nor @ContextHierarchy found for test class [com.tikkeul.app.dao.SavingLevelDaoTests], using SpringBootContextLoader
2023-05-30 00:48:49.416  INFO 9330 --- [    Test worker] o.s.t.c.support.AbstractContextLoader    : Could not detect default resource locations for test class [com.tikkeul.app.dao.SavingLevelDaoTests]: no resource found for suffixes {-context.xml, Context.groovy}.
2023-05-30 00:48:49.417  INFO 9330 --- [    Test worker] t.c.s.AnnotationConfigContextLoaderUtils : Could not detect default configuration classes for test class [com.tikkeul.app.dao.SavingLevelDaoTests]: SavingLevelDaoTests does not declare any static, non-private, non-final, nested classes annotated with @Configuration.
2023-05-30 00:48:49.421  INFO 9330 --- [    Test worker] .b.t.c.SpringBootTestContextBootstrapper : Found @SpringBootConfiguration com.tikkeul.app.TikkeulApplication for test class com.tikkeul.app.dao.SavingLevelDaoTests
2023-05-30 00:48:49.427  INFO 9330 --- [    Test worker] .b.t.c.SpringBootTestContextBootstrapper : Loaded default TestExecutionListener class names from location [META-INF/spring.factories]: [org.springframework.boot.test.autoconfigure.restdocs.RestDocsTestExecutionListener, org.springframework.boot.test.autoconfigure.web.client.MockRestServiceServerResetTestExecutionListener, org.springframework.boot.test.autoconfigure.web.servlet.MockMvcPrintOnlyOnFailureTestExecutionListener, org.springframework.boot.test.autoconfigure.web.servlet.WebDriverTestExecutionListener, org.springframework.boot.test.autoconfigure.webservices.client.MockWebServiceServerTestExecutionListener, org.springframework.boot.test.mock.mockito.MockitoTestExecutionListener, org.springframework.boot.test.mock.mockito.ResetMocksTestExecutionListener, org.springframework.test.context.web.ServletTestExecutionListener, org.springframework.test.context.support.DirtiesContextBeforeModesTestExecutionListener, org.springframework.test.context.event.ApplicationEventsTestExecutionListener, org.springframework.test.context.support.DependencyInjectionTestExecutionListener, org.springframework.test.context.support.DirtiesContextTestExecutionListener, org.springframework.test.context.transaction.TransactionalTestExecutionListener, org.springframework.test.context.jdbc.SqlScriptsTestExecutionListener, org.springframework.test.context.event.EventPublishingTestExecutionListener]
2023-05-30 00:48:49.429  INFO 9330 --- [    Test worker] .b.t.c.SpringBootTestContextBootstrapper : Using TestExecutionListeners: [org.springframework.test.context.web.ServletTestExecutionListener@4d7c9b42, org.springframework.test.context.support.DirtiesContextBeforeModesTestExecutionListener@4ef28dc4, org.springframework.test.context.event.ApplicationEventsTestExecutionListener@59b3f162, org.springframework.boot.test.mock.mockito.MockitoTestExecutionListener@7ade62a6, org.springframework.boot.test.autoconfigure.SpringBootDependencyInjectionTestExecutionListener@53d15034, org.springframework.test.context.support.DirtiesContextTestExecutionListener@9976b27, org.springframework.test.context.transaction.TransactionalTestExecutionListener@4fe9a396, org.springframework.test.context.jdbc.SqlScriptsTestExecutionListener@462b239f, org.springframework.test.context.event.EventPublishingTestExecutionListener@1fa29b9e, org.springframework.boot.test.autoconfigure.restdocs.RestDocsTestExecutionListener@2d5e051e, org.springframework.boot.test.autoconfigure.web.client.MockRestServiceServerResetTestExecutionListener@2f29e630, org.springframework.boot.test.autoconfigure.web.servlet.MockMvcPrintOnlyOnFailureTestExecutionListener@30811f91, org.springframework.boot.test.autoconfigure.web.servlet.WebDriverTestExecutionListener@3bf40c74, org.springframework.boot.test.autoconfigure.webservices.client.MockWebServiceServerTestExecutionListener@665f88e1, org.springframework.boot.test.mock.mockito.ResetMocksTestExecutionListener@6a7ea7c]
2023-05-30 00:48:49.505  INFO 9330 --- [    Test worker] com.tikkeul.app.dao.SavingLevelDAO       : [SavingLevelFileDTO(id=11, savinglevelId=1, savinglevelName=씨앗, goalMoney=150000, dailyMoney=5000, content=씨앗단계입니다. 씨앗단계는 누구나 쉽게 도전할 수 있는 단계입니다., fileSize=12, originName=씨앗.png, uuid=f37a4102-dbf4-4432-8170-acff6e357dbf, filePath=2023/05/28, fileType=REPRESENTATIVE), SavingLevelFileDTO(id=12, savinglevelId=2, savinglevelName=새싹, goalMoney=300000, dailyMoney=10000, content=새싹단계입니다. 새싹단계는 조금 더 모으고자 싶은 사람들의 레벨입니다., fileSize=12, originName=새싹.png, uuid=f13379f8-2c93-411b-b33d-6f21e876911d, filePath=2023/05/28, fileType=REPRESENTATIVE), SavingLevelFileDTO(id=13, savinglevelId=3, savinglevelName=나무, goalMoney=900000, dailyMoney=30000, content=나무단계입니다. 나무단계는 여유가 있는 이들의 단계입니다., fileSize=12, originName=나무.png, uuid=a78fbd96-fad9-4283-8b48-6aba4384c98b, filePath=2023/05/28, fileType=REPRESENTATIVE)]
2023-05-30 00:48:49.512  INFO 9330 --- [    Test worker] com.tikkeul.app.dao.SavingLevelDaoTests  : [SavingLevelFileDTO(id=11, savinglevelId=1, savinglevelName=씨앗, goalMoney=150000, dailyMoney=5000, content=씨앗단계입니다. 씨앗단계는 누구나 쉽게 도전할 수 있는 단계입니다., fileSize=12, originName=씨앗.png, uuid=f37a4102-dbf4-4432-8170-acff6e357dbf, filePath=2023/05/28, fileType=REPRESENTATIVE), SavingLevelFileDTO(id=12, savinglevelId=2, savinglevelName=새싹, goalMoney=300000, dailyMoney=10000, content=새싹단계입니다. 새싹단계는 조금 더 모으고자 싶은 사람들의 레벨입니다., fileSize=12, originName=새싹.png, uuid=f13379f8-2c93-411b-b33d-6f21e876911d, filePath=2023/05/28, fileType=REPRESENTATIVE), SavingLevelFileDTO(id=13, savinglevelId=3, savinglevelName=나무, goalMoney=900000, dailyMoney=30000, content=나무단계입니다. 나무단계는 여유가 있는 이들의 단계입니다., fileSize=12, originName=나무.png, uuid=a78fbd96-fad9-4283-8b48-6aba4384c98b, filePath=2023/05/28, fileType=REPRESENTATIVE)]
]]></system-out>
  <system-err><![CDATA[]]></system-err>
</testsuite>
