<?xml version="1.0" encoding="UTF-8"?>
<testsuite name="com.tikkeul.app.TikkeulApplicationTests" tests="1" skipped="0" failures="0" errors="0" timestamp="2023-05-29T15:48:48" hostname="hiui-MacBookPro.local" time="0.004">
  <properties/>
  <testcase name="contextLoads()" classname="com.tikkeul.app.TikkeulApplicationTests" time="0.004"/>
  <system-out><![CDATA[2023-05-30 00:48:48.965  INFO 9330 --- [    Test worker] .b.t.c.SpringBootTestContextBootstrapper : Neither @ContextConfiguration nor @ContextHierarchy found for test class [com.tikkeul.app.TikkeulApplicationTests], using SpringBootContextLoader
2023-05-30 00:48:48.967  INFO 9330 --- [    Test worker] o.s.t.c.support.AbstractContextLoader    : Could not detect default resource locations for test class [com.tikkeul.app.TikkeulApplicationTests]: no resource found for suffixes {-context.xml, Context.groovy}.
2023-05-30 00:48:48.968  INFO 9330 --- [    Test worker] t.c.s.AnnotationConfigContextLoaderUtils : Could not detect default configuration classes for test class [com.tikkeul.app.TikkeulApplicationTests]: TikkeulApplicationTests does not declare any static, non-private, non-final, nested classes annotated with @Configuration.
2023-05-30 00:48:48.971  INFO 9330 --- [    Test worker] .b.t.c.SpringBootTestContextBootstrapper : Found @SpringBootConfiguration com.tikkeul.app.TikkeulApplication for test class com.tikkeul.app.TikkeulApplicationTests
2023-05-30 00:48:48.981  INFO 9330 --- [    Test worker] .b.t.c.SpringBootTestContextBootstrapper : Loaded default TestExecutionListener class names from location [META-INF/spring.factories]: [org.springframework.boot.test.autoconfigure.restdocs.RestDocsTestExecutionListener, org.springframework.boot.test.autoconfigure.web.client.MockRestServiceServerResetTestExecutionListener, org.springframework.boot.test.autoconfigure.web.servlet.MockMvcPrintOnlyOnFailureTestExecutionListener, org.springframework.boot.test.autoconfigure.web.servlet.WebDriverTestExecutionListener, org.springframework.boot.test.autoconfigure.webservices.client.MockWebServiceServerTestExecutionListener, org.springframework.boot.test.mock.mockito.MockitoTestExecutionListener, org.springframework.boot.test.mock.mockito.ResetMocksTestExecutionListener, org.springframework.test.context.web.ServletTestExecutionListener, org.springframework.test.context.support.DirtiesContextBeforeModesTestExecutionListener, org.springframework.test.context.event.ApplicationEventsTestExecutionListener, org.springframework.test.context.support.DependencyInjectionTestExecutionListener, org.springframework.test.context.support.DirtiesContextTestExecutionListener, org.springframework.test.context.transaction.TransactionalTestExecutionListener, org.springframework.test.context.jdbc.SqlScriptsTestExecutionListener, org.springframework.test.context.event.EventPublishingTestExecutionListener]
2023-05-30 00:48:48.982  INFO 9330 --- [    Test worker] .b.t.c.SpringBootTestContextBootstrapper : Using TestExecutionListeners: [org.springframework.test.context.web.ServletTestExecutionListener@4850d66b, org.springframework.test.context.support.DirtiesContextBeforeModesTestExecutionListener@21f479cd, org.springframework.test.context.event.ApplicationEventsTestExecutionListener@102fd71d, org.springframework.boot.test.mock.mockito.MockitoTestExecutionListener@8e00c02, org.springframework.boot.test.autoconfigure.SpringBootDependencyInjectionTestExecutionListener@464d60fb, org.springframework.test.context.support.DirtiesContextTestExecutionListener@447543ee, org.springframework.test.context.transaction.TransactionalTestExecutionListener@2a0ce342, org.springframework.test.context.jdbc.SqlScriptsTestExecutionListener@22846a1d, org.springframework.test.context.event.EventPublishingTestExecutionListener@fe38c0e, org.springframework.boot.test.autoconfigure.restdocs.RestDocsTestExecutionListener@6167c42f, org.springframework.boot.test.autoconfigure.web.client.MockRestServiceServerResetTestExecutionListener@2cbc2db2, org.springframework.boot.test.autoconfigure.web.servlet.MockMvcPrintOnlyOnFailureTestExecutionListener@2de96eba, org.springframework.boot.test.autoconfigure.web.servlet.WebDriverTestExecutionListener@3ef914f5, org.springframework.boot.test.autoconfigure.webservices.client.MockWebServiceServerTestExecutionListener@61e0f9b9, org.springframework.boot.test.mock.mockito.ResetMocksTestExecutionListener@2c7c898a]
]]></system-out>
  <system-err><![CDATA[]]></system-err>
</testsuite>
