<?xml version="1.0" encoding="UTF-8"?>
<testsuite name="com.tikkeul.app.mapper.ItemMapperTests" tests="1" skipped="0" failures="0" errors="0" timestamp="2023-05-29T15:48:49" hostname="hiui-MacBookPro.local" time="0.043">
  <properties/>
  <testcase name="itemtest()" classname="com.tikkeul.app.mapper.ItemMapperTests" time="0.043"/>
  <system-out><![CDATA[2023-05-30 00:48:49.807  INFO 9330 --- [    Test worker] .b.t.c.SpringBootTestContextBootstrapper : Neither @ContextConfiguration nor @ContextHierarchy found for test class [com.tikkeul.app.mapper.ItemMapperTests], using SpringBootContextLoader
2023-05-30 00:48:49.808  INFO 9330 --- [    Test worker] o.s.t.c.support.AbstractContextLoader    : Could not detect default resource locations for test class [com.tikkeul.app.mapper.ItemMapperTests]: no resource found for suffixes {-context.xml, Context.groovy}.
2023-05-30 00:48:49.808  INFO 9330 --- [    Test worker] t.c.s.AnnotationConfigContextLoaderUtils : Could not detect default configuration classes for test class [com.tikkeul.app.mapper.ItemMapperTests]: ItemMapperTests does not declare any static, non-private, non-final, nested classes annotated with @Configuration.
2023-05-30 00:48:49.812  INFO 9330 --- [    Test worker] .b.t.c.SpringBootTestContextBootstrapper : Found @SpringBootConfiguration com.tikkeul.app.TikkeulApplication for test class com.tikkeul.app.mapper.ItemMapperTests
2023-05-30 00:48:49.815  INFO 9330 --- [    Test worker] .b.t.c.SpringBootTestContextBootstrapper : Loaded default TestExecutionListener class names from location [META-INF/spring.factories]: [org.springframework.boot.test.autoconfigure.restdocs.RestDocsTestExecutionListener, org.springframework.boot.test.autoconfigure.web.client.MockRestServiceServerResetTestExecutionListener, org.springframework.boot.test.autoconfigure.web.servlet.MockMvcPrintOnlyOnFailureTestExecutionListener, org.springframework.boot.test.autoconfigure.web.servlet.WebDriverTestExecutionListener, org.springframework.boot.test.autoconfigure.webservices.client.MockWebServiceServerTestExecutionListener, org.springframework.boot.test.mock.mockito.MockitoTestExecutionListener, org.springframework.boot.test.mock.mockito.ResetMocksTestExecutionListener, org.springframework.test.context.web.ServletTestExecutionListener, org.springframework.test.context.support.DirtiesContextBeforeModesTestExecutionListener, org.springframework.test.context.event.ApplicationEventsTestExecutionListener, org.springframework.test.context.support.DependencyInjectionTestExecutionListener, org.springframework.test.context.support.DirtiesContextTestExecutionListener, org.springframework.test.context.transaction.TransactionalTestExecutionListener, org.springframework.test.context.jdbc.SqlScriptsTestExecutionListener, org.springframework.test.context.event.EventPublishingTestExecutionListener]
2023-05-30 00:48:49.816  INFO 9330 --- [    Test worker] .b.t.c.SpringBootTestContextBootstrapper : Using TestExecutionListeners: [org.springframework.test.context.web.ServletTestExecutionListener@5c7a06ec, org.springframework.test.context.support.DirtiesContextBeforeModesTestExecutionListener@697b48e4, org.springframework.test.context.event.ApplicationEventsTestExecutionListener@137d04d8, org.springframework.boot.test.mock.mockito.MockitoTestExecutionListener@25b8f9d2, org.springframework.boot.test.autoconfigure.SpringBootDependencyInjectionTestExecutionListener@2979c6ef, org.springframework.test.context.support.DirtiesContextTestExecutionListener@1af6974c, org.springframework.test.context.transaction.TransactionalTestExecutionListener@61d61b0e, org.springframework.test.context.jdbc.SqlScriptsTestExecutionListener@3c2188f, org.springframework.test.context.event.EventPublishingTestExecutionListener@646bf8a6, org.springframework.boot.test.autoconfigure.restdocs.RestDocsTestExecutionListener@4a094f90, org.springframework.boot.test.autoconfigure.web.client.MockRestServiceServerResetTestExecutionListener@1b5623b4, org.springframework.boot.test.autoconfigure.web.servlet.MockMvcPrintOnlyOnFailureTestExecutionListener@8c34631, org.springframework.boot.test.autoconfigure.web.servlet.WebDriverTestExecutionListener@33563147, org.springframework.boot.test.autoconfigure.webservices.client.MockWebServiceServerTestExecutionListener@33239d72, org.springframework.boot.test.mock.mockito.ResetMocksTestExecutionListener@19c24321]
]]></system-out>
  <system-err><![CDATA[]]></system-err>
</testsuite>
